C:\Program Files (x86)\Microsoft Visual Studio\2017\Professional\Common7\IDE\VC\VCTargets\Microsoft.CppBuild.targets(391,5): warning MSB8028: The intermediate directory (x64\Release\) contains files shared from another project (FaceDetectionOnImage.vcxproj).  This can lead to incorrect clean and rebuild behavior.
  source.cpp
  jcapimin.cpp
  jcapistd.cpp
  jccoefct.cpp
  jccolor.cpp
  jcdctmgr.cpp
  jchuff.cpp
  jcinit.cpp
  jcmainct.cpp
  jcmarker.cpp
  jcmaster.cpp
  jcomapi.cpp
  jcparam.cpp
  jcphuff.cpp
  jcprepct.cpp
  jcsample.cpp
  jdapimin.cpp
  jdapistd.cpp
  jdatadst.cpp
  jdatasrc.cpp
  Compiling...
  jdcoefct.cpp
  jdcolor.cpp
  jddctmgr.cpp
  jdhuff.cpp
  jdinput.cpp
  jdmainct.cpp
  jdmarker.cpp
  jdmaster.cpp
  jdmerge.cpp
  jdphuff.cpp
  jdpostct.cpp
  jdsample.cpp
  jerror.cpp
  jfdctflt.cpp
  jfdctfst.cpp
  jfdctint.cpp
  jidctflt.cpp
  jidctfst.cpp
  jidctint.cpp
  jidctred.cpp
  Compiling...
  jmemmgr.cpp
  jmemnobs.cpp
  jquant1.cpp
  jquant2.cpp
  jutils.cpp
  main.cpp
  Generating code
  398 of 10546 functions ( 3.8%) were compiled, the rest were copied from previous compilation.
    351 functions were new in current compilation
    177 functions had inline decision re-evaluated but remain unchanged
  Finished generating code
  FaceLandMarkDetectionOnImage.vcxproj -> C:\Users\Alis Ho\Source\Repos\FaceLandMarkDetectionOnImage\x64\Release\FaceLandMarkDetectionOnImage.exe
